<?xml version="1.0" encoding="UTF-8"?>
<testng-results ignored="0" total="1" passed="1" failed="0" skipped="0">
  <reporter-output>
  </reporter-output>
  <suite started-at="2024-06-16T13:35:49 IST" name="Surefire suite" finished-at="2024-06-16T13:35:56 IST" duration-ms="6917">
    <groups>
    </groups>
    <test started-at="2024-06-16T13:35:49 IST" name="Surefire test" finished-at="2024-06-16T13:35:56 IST" duration-ms="6917">
      <class name="DemoPack.DemoTestJenkins_Test">
        <test-method signature="openBrwsr()[pri:0, instance:DemoPack.DemoTestJenkins_Test@49c43f4e]" started-at="2024-06-16T13:35:49 IST" name="openBrwsr" finished-at="2024-06-16T13:35:56 IST" duration-ms="6879" status="PASS">
          <reporter-output>
          </reporter-output>
        </test-method> <!-- openBrwsr -->
      </class> <!-- DemoPack.DemoTestJenkins_Test -->
    </test> <!-- Surefire test -->
  </suite> <!-- Surefire suite -->
</testng-results>
