<?xml version="1.0" encoding="UTF-8"?>
<testng-results ignored="0" total="1" passed="1" failed="0" skipped="0">
  <reporter-output>
  </reporter-output>
  <suite started-at="2024-06-16T12:21:40 IST" name="Default suite" finished-at="2024-06-16T12:22:23 IST" duration-ms="43693">
    <groups>
    </groups>
    <test started-at="2024-06-16T12:21:40 IST" name="Default test" finished-at="2024-06-16T12:22:23 IST" duration-ms="43693">
      <class name="DemoPack.DemoTestJenkins_Test">
        <test-method signature="openBrwsr()[pri:0, instance:DemoPack.DemoTestJenkins_Test@1817d444]" started-at="2024-06-16T12:21:40 IST" name="openBrwsr" finished-at="2024-06-16T12:22:23 IST" duration-ms="43651" status="PASS">
          <reporter-output>
          </reporter-output>
        </test-method> <!-- openBrwsr -->
      </class> <!-- DemoPack.DemoTestJenkins_Test -->
    </test> <!-- Default test -->
  </suite> <!-- Default suite -->
</testng-results>
